<?xml version="1.0" encoding="UTF-8"?>
<!-- Generated by org.testng.reporters.JUnitReportReporter -->
<testsuite hostname="VSP-CSP8VQ3" failures="0" tests="1" name="TestNGPriority.TestngParametersDemo" time="0.011" errors="0" timestamp="2023-02-14T16:33:31 IST" skipped="0">
  <testcase classname="TestNGPriority.TestngParametersDemo" name="test" time="0.011"/>
  <system-out/>
</testsuite> <!-- TestNGPriority.TestngParametersDemo -->
