<?xml version="1.0" encoding="UTF-8"?>
<!-- Generated by org.testng.reporters.JUnitReportReporter -->
<testsuite hostname="VSP-CSP8VQ3" failures="0" tests="4" name="TestNGPriority.TestngGroupingDemo" time="0.010" errors="0" timestamp="2023-02-14T18:55:53 IST" skipped="0">
  <testcase classname="TestNGPriority.TestngGroupingDemo" name="test2" time="0.001"/>
  <system-out/>
  <testcase classname="TestNGPriority.TestngGroupingDemo" name="test3" time="0.001"/>
  <system-out/>
  <testcase classname="TestNGPriority.TestngGroupingDemo" name="test4" time="0.000"/>
  <system-out/>
  <testcase classname="TestNGPriority.TestngGroupingDemo" name="test1" time="0.008"/>
  <system-out/>
</testsuite> <!-- TestNGPriority.TestngGroupingDemo -->
