<?xml version="1.0" encoding="UTF-8"?>
<!-- Generated by org.testng.reporters.JUnitReportReporter -->
<testsuite hostname="VSP-CSP8VQ3" failures="0" tests="1" name="Test1.TestNg_demo2" time="44.383" errors="0" timestamp="2023-01-11T15:03:01 IST" skipped="0">
  <testcase classname="Test1.TestNg_demo2" name="GooglesearchTest2" time="44.383"/>
  <system-out/>
</testsuite> <!-- Test1.TestNg_demo2 -->
