<?xml version="1.0" encoding="UTF-8"?>
<!-- Generated by org.testng.reporters.JUnitReportReporter -->
<testsuite hostname="VSP-CSP8VQ3" failures="0" tests="3" name="TestNGPriority.TestngPriorityDemo2" time="0.008" errors="0" timestamp="2023-02-12T10:13:10 IST" skipped="0">
  <testcase classname="TestNGPriority.TestngPriorityDemo2" name="zoo" time="0.001"/>
  <system-out/>
  <testcase classname="TestNGPriority.TestngPriorityDemo2" name="Ran" time="0.007"/>
  <system-out/>
  <testcase classname="TestNGPriority.TestngPriorityDemo2" name="Test" time="0.000"/>
  <system-out/>
</testsuite> <!-- TestNGPriority.TestngPriorityDemo2 -->
