<?xml version="1.0" encoding="UTF-8"?>
<!-- Generated by org.testng.reporters.JUnitReportReporter -->
<testsuite hostname="VSP-CSP8VQ3" failures="0" tests="3" name="TestNGPriority.TestngPriorityDemo" time="0.014" errors="0" timestamp="2023-02-12T10:11:33 IST" skipped="0">
  <testcase classname="TestNGPriority.TestngPriorityDemo" name="Ran" time="0.014"/>
  <system-out/>
  <testcase classname="TestNGPriority.TestngPriorityDemo" name="zoo" time="0.000"/>
  <system-out/>
  <testcase classname="TestNGPriority.TestngPriorityDemo" name="Test" time="0.000"/>
  <system-out/>
</testsuite> <!-- TestNGPriority.TestngPriorityDemo -->
