<?xml version="1.0" encoding="UTF-8"?>
<!-- Generated by org.testng.reporters.JUnitReportReporter -->
<testsuite hostname="VSP-CSP8VQ3" failures="0" tests="1" name="WaitsDemo.ImplicitWaitDemo" time="29.988" errors="0" timestamp="2023-02-17T19:19:51 IST" skipped="0">
  <testcase classname="WaitsDemo.ImplicitWaitDemo" name="seleniumwaits" time="29.988"/>
  <system-out/>
</testsuite> <!-- WaitsDemo.ImplicitWaitDemo -->
