<?xml version="1.0" encoding="UTF-8"?>
<!-- Generated by org.testng.reporters.JUnitReportReporter -->
<testsuite hostname="VSP-CSP8VQ3" failures="0" tests="3" name="TestNGPriority.TestNGDependances" time="0.009" errors="0" timestamp="2023-02-16T17:46:20 IST" skipped="0">
  <testcase classname="TestNGPriority.TestNGDependances" name="test2" time="0.007"/>
  <system-out/>
  <testcase classname="TestNGPriority.TestNGDependances" name="test3" time="0.001"/>
  <system-out/>
  <testcase classname="TestNGPriority.TestNGDependances" name="test1" time="0.001"/>
  <system-out/>
</testsuite> <!-- TestNGPriority.TestNGDependances -->
