<?xml version="1.0" encoding="UTF-8"?>
<!-- Generated by org.testng.reporters.JUnitReportReporter -->
<testsuite hostname="VSP-CSP8VQ3" failures="0" tests="3" name="listeners.TestNGListnersDemo" time="10.338" errors="0" timestamp="2023-02-11T10:02:00 IST" skipped="0">
  <testcase classname="listeners.TestNGListnersDemo" name="Test1" time="0.012"/>
  <system-out/>
  <testcase classname="listeners.TestNGListnersDemo" name="Test3" time="0.002"/>
  <system-out/>
  <testcase classname="listeners.TestNGListnersDemo" name="Test2" time="10.324"/>
  <system-out/>
</testsuite> <!-- listeners.TestNGListnersDemo -->
