<?xml version="1.0" encoding="UTF-8"?>
<!-- Generated by org.testng.reporters.JUnitReportReporter -->
<testsuite hostname="VSP-CSP8VQ3" failures="0" tests="1" name="TestNGPriority.TestNGIgnoreTest" time="0.013" errors="0" timestamp="2023-02-16T18:34:09 IST" skipped="0">
  <testcase classname="TestNGPriority.TestNGIgnoreTest" name="test1" time="0.013"/>
  <system-out/>
</testsuite> <!-- TestNGPriority.TestNGIgnoreTest -->
