<?xml version="1.0" encoding="UTF-8"?>
<!-- Generated by org.testng.reporters.JUnitReportReporter -->
<testsuite hostname="VSP-CSP8VQ3" failures="0" tests="3" name="TestNGPriority.TestngPriorityDemo3" time="0.014" errors="0" timestamp="2023-02-16T18:36:16 IST" skipped="0">
  <testcase classname="TestNGPriority.TestngPriorityDemo3" name="zoo" time="0.010"/>
  <system-out/>
  <testcase classname="TestNGPriority.TestngPriorityDemo3" name="Test" time="0.001"/>
  <system-out/>
  <testcase classname="TestNGPriority.TestngPriorityDemo3" name="Apple" time="0.003"/>
  <system-out/>
</testsuite> <!-- TestNGPriority.TestngPriorityDemo3 -->
